android/app/build/intermediates/manifest_merge_blame_file/release/manifest-merger-blame-release-report.txt
1<?xml version="1.0" encoding="utf-8"?>
2<manifest xmlns:android="http://schemas.android.com/apk/res/android"
3    package="com.example.music_up"
4    android:versionCode="1"
5    android:versionName="1.2.0" >
6
7    <uses-sdk
8        android:minSdkVersion="21"
9        android:targetSdkVersion="34" />
10    <!--
11         Required to query activities that can process text, see:
12         https://developer.android.com/training/package-visibility and
13         https://developer.android.com/reference/android/content/Intent#ACTION_PROCESS_TEXT.
14
15         In particular, this is used by the Flutter engine in io.flutter.plugin.text.ProcessTextPlugin.
16    -->
17    <queries>
17-->src/main/AndroidManifest.xml:39:5-44:15
18        <intent>
18-->src/main/AndroidManifest.xml:40:9-43:18
19            <action android:name="android.intent.action.PROCESS_TEXT" />
19-->src/main/AndroidManifest.xml:41:13-72
19-->src/main/AndroidManifest.xml:41:21-70
20
21            <data android:mimeType="text/plain" />
21-->src/main/AndroidManifest.xml:42:13-50
21-->src/main/AndroidManifest.xml:42:19-48
22        </intent>
23        <intent>
23-->[:file_picker] AndroidManifest.xml:12:9-16:18
24            <action android:name="android.intent.action.GET_CONTENT" />
24-->[:file_picker] AndroidManifest.xml:13:13-72
24-->[:file_picker] AndroidManifest.xml:13:21-69
25
26            <data android:mimeType="*/*" />
26-->src/main/AndroidManifest.xml:42:13-50
26-->src/main/AndroidManifest.xml:42:19-48
27        </intent>
28    </queries>
29
30    <uses-permission
30-->[:file_picker] AndroidManifest.xml:7:5-9:38
31        android:name="android.permission.READ_EXTERNAL_STORAGE"
31-->[:file_picker] AndroidManifest.xml:8:9-64
32        android:maxSdkVersion="32" />
32-->[:file_picker] AndroidManifest.xml:9:9-35
33
34    <permission
34-->[androidx.core:core:1.13.1] AndroidManifest.xml:22:5-24:47
35        android:name="com.example.music_up.DYNAMIC_RECEIVER_NOT_EXPORTED_PERMISSION"
35-->[androidx.core:core:1.13.1] AndroidManifest.xml:23:9-81
36        android:protectionLevel="signature" />
36-->[androidx.core:core:1.13.1] AndroidManifest.xml:24:9-44
37
38    <uses-permission android:name="com.example.music_up.DYNAMIC_RECEIVER_NOT_EXPORTED_PERMISSION" />
38-->[androidx.core:core:1.13.1] AndroidManifest.xml:26:5-97
38-->[androidx.core:core:1.13.1] AndroidManifest.xml:26:22-94
39
40    <application
41        android:name="android.app.Application"
41-->src/main/AndroidManifest.xml:4:9-42
42        android:appComponentFactory="androidx.core.app.CoreComponentFactory"
42-->[androidx.core:core:1.13.1] AndroidManifest.xml:28:18-86
43        android:extractNativeLibs="true"
44        android:icon="@mipmap/ic_launcher"
44-->src/main/AndroidManifest.xml:5:9-43
45        android:label="music_up" >
45-->src/main/AndroidManifest.xml:3:9-33
46        <activity
46-->src/main/AndroidManifest.xml:6:9-27:20
47            android:name="com.example.music_up.MainActivity"
47-->src/main/AndroidManifest.xml:7:13-41
48            android:configChanges="orientation|keyboardHidden|keyboard|screenSize|smallestScreenSize|locale|layoutDirection|fontScale|screenLayout|density|uiMode"
48-->src/main/AndroidManifest.xml:12:13-163
49            android:exported="true"
49-->src/main/AndroidManifest.xml:8:13-36
50            android:hardwareAccelerated="true"
50-->src/main/AndroidManifest.xml:13:13-47
51            android:launchMode="singleTop"
51-->src/main/AndroidManifest.xml:9:13-43
52            android:taskAffinity=""
52-->src/main/AndroidManifest.xml:10:13-36
53            android:theme="@style/LaunchTheme"
53-->src/main/AndroidManifest.xml:11:13-47
54            android:windowSoftInputMode="adjustResize" >
54-->src/main/AndroidManifest.xml:14:13-55
55
56            <!--
57                 Specifies an Android theme to apply to this Activity as soon as
58                 the Android process has started. This theme is visible to the user
59                 while the Flutter UI initializes. After that, this theme continues
60                 to determine the Window background behind the Flutter UI.
61            -->
62            <meta-data
62-->src/main/AndroidManifest.xml:19:13-22:17
63                android:name="io.flutter.embedding.android.NormalTheme"
63-->src/main/AndroidManifest.xml:20:15-70
64                android:resource="@style/NormalTheme" />
64-->src/main/AndroidManifest.xml:21:15-52
65
66            <intent-filter>
66-->src/main/AndroidManifest.xml:23:13-26:29
67                <action android:name="android.intent.action.MAIN" />
67-->src/main/AndroidManifest.xml:24:17-68
67-->src/main/AndroidManifest.xml:24:25-66
68
69                <category android:name="android.intent.category.LAUNCHER" />
69-->src/main/AndroidManifest.xml:25:17-76
69-->src/main/AndroidManifest.xml:25:27-74
70            </intent-filter>
71        </activity>
72        <!--
73             Don't delete the meta-data below.
74             This is used by the Flutter tool to generate GeneratedPluginRegistrant.java
75        -->
76        <meta-data
76-->src/main/AndroidManifest.xml:30:9-32:33
77            android:name="flutterEmbedding"
77-->src/main/AndroidManifest.xml:31:13-44
78            android:value="2" />
78-->src/main/AndroidManifest.xml:32:13-30
79        <!--
80           Declares a provider which allows us to store files to share in
81           '.../caches/share_plus' and grant the receiving action access
82        -->
83        <provider
83-->[:share_plus] AndroidManifest.xml:13:9-21:20
84            android:name="dev.fluttercommunity.plus.share.ShareFileProvider"
84-->[:share_plus] AndroidManifest.xml:14:13-77
85            android:authorities="com.example.music_up.flutter.share_provider"
85-->[:share_plus] AndroidManifest.xml:15:13-74
86            android:exported="false"
86-->[:share_plus] AndroidManifest.xml:16:13-37
87            android:grantUriPermissions="true" >
87-->[:share_plus] AndroidManifest.xml:17:13-47
88            <meta-data
88-->[:share_plus] AndroidManifest.xml:18:13-20:68
89                android:name="android.support.FILE_PROVIDER_PATHS"
89-->[:share_plus] AndroidManifest.xml:19:17-67
90                android:resource="@xml/flutter_share_file_paths" />
90-->[:share_plus] AndroidManifest.xml:20:17-65
91        </provider>
92        <!--
93           This manifest declared broadcast receiver allows us to use an explicit
94           Intent when creating a PendingItent to be informed of the user's choice
95        -->
96        <receiver
96-->[:share_plus] AndroidManifest.xml:26:9-32:20
97            android:name="dev.fluttercommunity.plus.share.SharePlusPendingIntent"
97-->[:share_plus] AndroidManifest.xml:27:13-82
98            android:exported="false" >
98-->[:share_plus] AndroidManifest.xml:28:13-37
99            <intent-filter>
99-->[:share_plus] AndroidManifest.xml:29:13-31:29
100                <action android:name="EXTRA_CHOSEN_COMPONENT" />
100-->[:share_plus] AndroidManifest.xml:30:17-65
100-->[:share_plus] AndroidManifest.xml:30:25-62
101            </intent-filter>
102        </receiver>
103
104        <provider
104-->[androidx.lifecycle:lifecycle-process:2.7.0] AndroidManifest.xml:24:9-32:20
105            android:name="androidx.startup.InitializationProvider"
105-->[androidx.lifecycle:lifecycle-process:2.7.0] AndroidManifest.xml:25:13-67
106            android:authorities="com.example.music_up.androidx-startup"
106-->[androidx.lifecycle:lifecycle-process:2.7.0] AndroidManifest.xml:26:13-68
107            android:exported="false" >
107-->[androidx.lifecycle:lifecycle-process:2.7.0] AndroidManifest.xml:27:13-37
108            <meta-data
108-->[androidx.lifecycle:lifecycle-process:2.7.0] AndroidManifest.xml:29:13-31:52
109                android:name="androidx.lifecycle.ProcessLifecycleInitializer"
109-->[androidx.lifecycle:lifecycle-process:2.7.0] AndroidManifest.xml:30:17-78
110                android:value="androidx.startup" />
110-->[androidx.lifecycle:lifecycle-process:2.7.0] AndroidManifest.xml:31:17-49
111            <meta-data
111-->[androidx.profileinstaller:profileinstaller:1.3.1] AndroidManifest.xml:29:13-31:52
112                android:name="androidx.profileinstaller.ProfileInstallerInitializer"
112-->[androidx.profileinstaller:profileinstaller:1.3.1] AndroidManifest.xml:30:17-85
113                android:value="androidx.startup" />
113-->[androidx.profileinstaller:profileinstaller:1.3.1] AndroidManifest.xml:31:17-49
114        </provider>
115
116        <uses-library
116-->[androidx.window:window:1.2.0] AndroidManifest.xml:23:9-25:40
117            android:name="androidx.window.extensions"
117-->[androidx.window:window:1.2.0] AndroidManifest.xml:24:13-54
118            android:required="false" />
118-->[androidx.window:window:1.2.0] AndroidManifest.xml:25:13-37
119        <uses-library
119-->[androidx.window:window:1.2.0] AndroidManifest.xml:26:9-28:40
120            android:name="androidx.window.sidecar"
120-->[androidx.window:window:1.2.0] AndroidManifest.xml:27:13-51
121            android:required="false" />
121-->[androidx.window:window:1.2.0] AndroidManifest.xml:28:13-37
122
123        <receiver
123-->[androidx.profileinstaller:profileinstaller:1.3.1] AndroidManifest.xml:34:9-52:20
124            android:name="androidx.profileinstaller.ProfileInstallReceiver"
124-->[androidx.profileinstaller:profileinstaller:1.3.1] AndroidManifest.xml:35:13-76
125            android:directBootAware="false"
125-->[androidx.profileinstaller:profileinstaller:1.3.1] AndroidManifest.xml:36:13-44
126            android:enabled="true"
126-->[androidx.profileinstaller:profileinstaller:1.3.1] AndroidManifest.xml:37:13-35
127            android:exported="true"
127-->[androidx.profileinstaller:profileinstaller:1.3.1] AndroidManifest.xml:38:13-36
128            android:permission="android.permission.DUMP" >
128-->[androidx.profileinstaller:profileinstaller:1.3.1] AndroidManifest.xml:39:13-57
129            <intent-filter>
129-->[androidx.profileinstaller:profileinstaller:1.3.1] AndroidManifest.xml:40:13-42:29
130                <action android:name="androidx.profileinstaller.action.INSTALL_PROFILE" />
130-->[androidx.profileinstaller:profileinstaller:1.3.1] AndroidManifest.xml:41:17-91
130-->[androidx.profileinstaller:profileinstaller:1.3.1] AndroidManifest.xml:41:25-88
131            </intent-filter>
132            <intent-filter>
132-->[androidx.profileinstaller:profileinstaller:1.3.1] AndroidManifest.xml:43:13-45:29
133                <action android:name="androidx.profileinstaller.action.SKIP_FILE" />
133-->[androidx.profileinstaller:profileinstaller:1.3.1] AndroidManifest.xml:44:17-85
133-->[androidx.profileinstaller:profileinstaller:1.3.1] AndroidManifest.xml:44:25-82
134            </intent-filter>
135            <intent-filter>
135-->[androidx.profileinstaller:profileinstaller:1.3.1] AndroidManifest.xml:46:13-48:29
136                <action android:name="androidx.profileinstaller.action.SAVE_PROFILE" />
136-->[androidx.profileinstaller:profileinstaller:1.3.1] AndroidManifest.xml:47:17-88
136-->[androidx.profileinstaller:profileinstaller:1.3.1] AndroidManifest.xml:47:25-85
137            </intent-filter>
138            <intent-filter>
138-->[androidx.profileinstaller:profileinstaller:1.3.1] AndroidManifest.xml:49:13-51:29
139                <action android:name="androidx.profileinstaller.action.BENCHMARK_OPERATION" />
139-->[androidx.profileinstaller:profileinstaller:1.3.1] AndroidManifest.xml:50:17-95
139-->[androidx.profileinstaller:profileinstaller:1.3.1] AndroidManifest.xml:50:25-92
140            </intent-filter>
141        </receiver>
142    </application>
143
144</manifest>